20241024	17:35:07	a62c3e07-cd27-4c32-bec7-42a62a813158	POST	/auth/register	undefined
20241024	17:36:15	7dfea3a8-0e84-433a-8da5-89cd976bfa67	POST	/auth/login	undefined
20241024	21:11:21	85a1a279-2c47-4064-86a1-f837e1dd8659	OPTIONS	/auth/login	http://localhost:3000
20241024	21:11:21	4ddfa8e5-a378-4368-958f-3c37704b01bb	POST	/auth/login	http://localhost:3000
20241024	21:51:08	b9a959d4-7696-425c-a78a-fdc0953536ca	OPTIONS	/auth/logout	http://localhost:3000
20241024	21:51:08	53409101-5278-48af-895d-3ead4017a9f7	POST	/auth/logout	http://localhost:3000
20241024	21:51:12	ca7261f4-1891-4df3-a82f-071c35777a7c	OPTIONS	/auth/login	http://localhost:3000
20241024	21:51:12	bff91412-39d6-4432-ab8b-c481923df1a8	POST	/auth/login	http://localhost:3000
20241024	22:03:43	a8eda339-42eb-4e8d-8c3e-57e1a4c8960a	OPTIONS	/auth/logout	http://localhost:3000
20241024	22:03:43	69574eb0-c680-4ac2-b750-999a98aac1c3	POST	/auth/logout	http://localhost:3000
20241024	22:14:36	099d4b46-db71-4912-a764-16891bf75b89	OPTIONS	/auth/register	http://localhost:3000
20241024	22:14:36	66ef3b9a-5b21-4b78-893a-12ebed4d7f56	POST	/auth/register	http://localhost:3000
20241024	22:31:17	c81335a3-0e8a-41ba-a713-e469aa55593d	OPTIONS	/auth/login	http://localhost:3000
20241024	22:31:17	f6a47737-14fe-4053-8170-adb6e254f5c7	POST	/auth/login	http://localhost:3000
20241024	22:31:29	2fc9af7c-59e0-45eb-8d5e-68db09fe1bcb	OPTIONS	/auth/logout	http://localhost:3000
20241024	22:31:29	f3b90325-5de9-49b2-8707-fff7ec6c26f9	POST	/auth/logout	http://localhost:3000
20241024	22:39:56	94ea5e68-1764-4ad1-8254-1ec146fb9589	OPTIONS	/auth/register	http://localhost:3000
20241024	22:39:56	c57f4a9c-4435-4771-afc9-b249dacce62f	POST	/auth/register	http://localhost:3000
20241024	22:41:19	7e60d4aa-9cc8-4230-9765-a55a1b1648a1	OPTIONS	/auth/register	http://localhost:3000
20241024	22:41:19	345b10ed-5f3d-4f4b-b426-d7a74eb79131	POST	/auth/register	http://localhost:3000
20241024	22:42:03	8c9e9366-4307-4363-adfd-60a2407f51b6	OPTIONS	/auth/register	http://localhost:3000
20241024	22:42:03	306b2f2f-1cb9-4fae-83a1-9a8431adeea9	POST	/auth/register	http://localhost:3000
20241024	22:42:07	5f6cb8da-2624-4857-adbd-03d16d654c6d	POST	/auth/register	http://localhost:3000
20241024	22:42:36	5e303f1f-db90-4b4a-8fe9-7a9921165999	OPTIONS	/auth/register	http://localhost:3000
20241024	22:42:36	052028c4-f5f2-452a-b4c2-c4bbeb47cdce	POST	/auth/register	http://localhost:3000
20241024	22:42:44	13ded98c-8834-4058-8901-2b995dc5d26d	OPTIONS	/auth/register	http://localhost:3000
20241024	22:42:44	f6adc465-87c8-47a5-bf60-9060b1b0b647	POST	/auth/register	http://localhost:3000
20241024	22:42:53	ab14f740-ebd7-4e0d-9889-6e100d3935f7	OPTIONS	/auth/register	http://localhost:3000
20241024	22:42:53	d9913852-ec9c-445a-b0dd-8e432f40452d	POST	/auth/register	http://localhost:3000
20241024	22:45:48	a8745a3b-6162-4d73-9c5e-b00cf6e24d5d	OPTIONS	/auth/register	http://localhost:3000
20241024	22:45:48	93f76497-f3d4-4711-b5be-296698be1e2a	POST	/auth/register	http://localhost:3000
20241024	22:45:54	b2427c9c-ff0b-491b-9209-74ddf5ac5412	OPTIONS	/auth/register	http://localhost:3000
20241024	22:45:54	398bef8a-e59a-470e-9cd1-102c50927e91	POST	/auth/register	http://localhost:3000
20241024	22:50:55	e8016599-0de2-46fa-91a2-2ca5053c0195	OPTIONS	/auth/register	http://localhost:3000
20241024	22:50:55	02fedc06-ce77-43d4-9689-add421c5e80d	POST	/auth/register	http://localhost:3000
20241024	22:53:44	6337592f-86f8-4554-96ef-943618e20441	OPTIONS	/auth/register	http://localhost:3000
20241024	22:53:44	fce8151a-fbef-41fc-8f5f-d0df186a3024	POST	/auth/register	http://localhost:3000
20241024	22:53:54	24979fdf-ce06-4276-bae8-c26668c85e5d	OPTIONS	/auth/register	http://localhost:3000
20241024	22:53:54	ceab29ba-4fb4-4941-a529-6303dabffd14	POST	/auth/register	http://localhost:3000
20241024	23:00:33	eca7cc0f-f621-4431-a9bb-95e6ab5acec2	OPTIONS	/auth/register	http://localhost:3000
20241024	23:00:33	9fc8cee8-2dd6-4399-935b-1bb4f903b630	POST	/auth/register	http://localhost:3000
20241024	23:00:43	e2abc42f-57c6-419c-aa54-2c6ade0a1fa4	OPTIONS	/auth/register	http://localhost:3000
20241024	23:00:43	23b58e7e-4f0a-432c-bb34-add79bc1a461	POST	/auth/register	http://localhost:3000
20241024	23:00:55	68243131-cd09-47c6-8153-58a92cf90447	OPTIONS	/auth/login	http://localhost:3000
20241024	23:00:55	af3d3f9f-338f-4de2-b49b-68a5ae2150d0	POST	/auth/login	http://localhost:3000
20241024	23:52:17	4c4d6816-ec32-4181-915f-184960d9d244	OPTIONS	/auth/logout	http://localhost:3000
20241024	23:52:17	f47a3d06-d7de-4525-987e-a35e06c97229	POST	/auth/logout	http://localhost:3000
